{"/Applications/My Applications/untitled folder/task-module/src/TaskManagement.tsx": {"path":"/Applications/My Applications/untitled folder/task-module/src/TaskManagement.tsx","statementMap":{"0":{"start":{"line":1,"column":0},"end":{"line":1,"column":51}},"1":{"start":{"line":2,"column":0},"end":{"line":2,"column":51}},"2":{"start":{"line":3,"column":0},"end":{"line":3,"column":65}},"3":{"start":{"line":4,"column":0},"end":{"line":4,"column":45}},"4":{"start":{"line":5,"column":0},"end":{"line":5,"column":45}},"5":{"start":{"line":6,"column":0},"end":{"line":6,"column":49}},"6":{"start":{"line":7,"column":0},"end":{"line":7,"column":50}},"7":{"start":{"line":10,"column":20},"end":{"line":10,"column":25}},"8":{"start":{"line":17,"column":54},"end":{"line":161,"column":1}},"9":{"start":{"line":18,"column":2},"end":{"line":18,"column":10}},"10":{"start":{"line":18,"column":10},"end":{"line":18,"column":null}},"11":{"start":{"line":19,"column":8},"end":{"line":19,"column":null}},"12":{"start":{"line":21,"column":28},"end":{"line":21,"column":48}},"13":{"start":{"line":21,"column":14},"end":{"line":21,"column":16}},"14":{"start":{"line":21,"column":24},"end":{"line":21,"column":28}},"15":{"start":{"line":22,"column":44},"end":{"line":22,"column":64}},"16":{"start":{"line":22,"column":22},"end":{"line":22,"column":24}},"17":{"start":{"line":22,"column":40},"end":{"line":22,"column":44}},"18":{"start":{"line":23,"column":32},"end":{"line":23,"column":47}},"19":{"start":{"line":23,"column":16},"end":{"line":23,"column":18}},"20":{"start":{"line":23,"column":28},"end":{"line":23,"column":32}},"21":{"start":{"line":24,"column":34},"end":{"line":24,"column":49}},"22":{"start":{"line":24,"column":17},"end":{"line":24,"column":19}},"23":{"start":{"line":24,"column":30},"end":{"line":24,"column":34}},"24":{"start":{"line":25,"column":40},"end":{"line":25,"column":67}},"25":{"start":{"line":25,"column":20},"end":{"line":25,"column":22}},"26":{"start":{"line":25,"column":36},"end":{"line":25,"column":40}},"27":{"start":{"line":26,"column":32},"end":{"line":29,"column":4}},"28":{"start":{"line":26,"column":16},"end":{"line":26,"column":18}},"29":{"start":{"line":26,"column":28},"end":{"line":26,"column":32}},"30":{"start":{"line":31,"column":18},"end":{"line":31,"column":38}},"31":{"start":{"line":33,"column":21},"end":{"line":49,"column":4}},"32":{"start":{"line":34,"column":4},"end":{"line":34,"column":21}},"33":{"start":{"line":36,"column":23},"end":{"line":36,"column":null}},"34":{"start":{"line":36,"column":12},"end":{"line":36,"column":null}},"35":{"start":{"line":37,"column":6},"end":{"line":42,"column":7}},"36":{"start":{"line":38,"column":8},"end":{"line":38,"column":32}},"37":{"start":{"line":39,"column":8},"end":{"line":39,"column":40}},"38":{"start":{"line":41,"column":8},"end":{"line":41,"column":46}},"39":{"start":{"line":44,"column":6},"end":{"line":44,"column":52}},"40":{"start":{"line":45,"column":6},"end":{"line":45,"column":62}},"41":{"start":{"line":47,"column":6},"end":{"line":47,"column":24}},"42":{"start":{"line":51,"column":2},"end":{"line":53,"column":16}},"43":{"start":{"line":52,"column":4},"end":{"line":52,"column":17}},"44":{"start":{"line":55,"column":24},"end":{"line":58,"column":3}},"45":{"start":{"line":56,"column":4},"end":{"line":56,"column":25}},"46":{"start":{"line":57,"column":4},"end":{"line":57,"column":22}},"47":{"start":{"line":60,"column":25},"end":{"line":63,"column":3}},"48":{"start":{"line":61,"column":4},"end":{"line":61,"column":25}},"49":{"start":{"line":62,"column":4},"end":{"line":62,"column":22}},"50":{"start":{"line":65,"column":27},"end":{"line":68,"column":3}},"51":{"start":{"line":66,"column":4},"end":{"line":66,"column":23}},"52":{"start":{"line":67,"column":4},"end":{"line":67,"column":25}},"53":{"start":{"line":70,"column":28},"end":{"line":75,"column":3}},"54":{"start":{"line":71,"column":4},"end":{"line":71,"column":23}},"55":{"start":{"line":72,"column":4},"end":{"line":72,"column":25}},"56":{"start":{"line":73,"column":4},"end":{"line":73,"column":17}},"57":{"start":{"line":74,"column":4},"end":{"line":74,"column":80}},"58":{"start":{"line":77,"column":33},"end":{"line":79,"column":3}},"59":{"start":{"line":78,"column":4},"end":{"line":78,"column":17}},"60":{"start":{"line":81,"column":29},"end":{"line":83,"column":3}},"61":{"start":{"line":82,"column":4},"end":{"line":82,"column":46}},"62":{"start":{"line":85,"column":26},"end":{"line":90,"column":3}},"63":{"start":{"line":86,"column":4},"end":{"line":89,"column":7}},"64":{"start":{"line":92,"column":2},"end":{"line":160,"column":4}},"65":{"start":{"line":132,"column":50},"end":{"line":132,"column":68}},"66":{"start":{"line":141,"column":50},"end":{"line":141,"column":67}},"67":{"start":{"line":163,"column":0},"end":{"line":163,"column":30}}},"fnMap":{"0":{"name":"(anonymous_25)","decl":{"start":{"line":17,"column":54},"end":{"line":17,"column":55}},"loc":{"start":{"line":20,"column":1},"end":{"line":161,"column":1}}},"1":{"name":"(anonymous_26)","decl":{"start":{"line":33,"column":21},"end":{"line":33,"column":null}},"loc":{"start":{"line":33,"column":21},"end":{"line":49,"column":4}}},"2":{"name":"(anonymous_29)","decl":{"start":{"line":51,"column":12},"end":{"line":51,"column":null}},"loc":{"start":{"line":51,"column":12},"end":{"line":53,"column":3}}},"3":{"name":"(anonymous_30)","decl":{"start":{"line":55,"column":24},"end":{"line":55,"column":null}},"loc":{"start":{"line":55,"column":24},"end":{"line":58,"column":3}}},"4":{"name":"(anonymous_31)","decl":{"start":{"line":60,"column":25},"end":{"line":60,"column":26}},"loc":{"start":{"line":60,"column":36},"end":{"line":63,"column":3}}},"5":{"name":"(anonymous_32)","decl":{"start":{"line":65,"column":27},"end":{"line":65,"column":null}},"loc":{"start":{"line":65,"column":27},"end":{"line":68,"column":3}}},"6":{"name":"(anonymous_33)","decl":{"start":{"line":70,"column":28},"end":{"line":70,"column":null}},"loc":{"start":{"line":70,"column":28},"end":{"line":75,"column":3}}},"7":{"name":"(anonymous_34)","decl":{"start":{"line":77,"column":33},"end":{"line":77,"column":null}},"loc":{"start":{"line":77,"column":33},"end":{"line":79,"column":3}}},"8":{"name":"(anonymous_35)","decl":{"start":{"line":81,"column":29},"end":{"line":81,"column":30}},"loc":{"start":{"line":81,"column":52},"end":{"line":83,"column":3}}},"9":{"name":"(anonymous_36)","decl":{"start":{"line":85,"column":26},"end":{"line":85,"column":27}},"loc":{"start":{"line":85,"column":38},"end":{"line":90,"column":3}}},"10":{"name":"(anonymous_37)","decl":{"start":{"line":132,"column":42},"end":{"line":132,"column":46}},"loc":{"start":{"line":132,"column":46},"end":{"line":132,"column":51}}},"11":{"name":"(anonymous_38)","decl":{"start":{"line":141,"column":42},"end":{"line":141,"column":46}},"loc":{"start":{"line":141,"column":46},"end":{"line":141,"column":54}}}},"branchMap":{"0":{"loc":{"start":{"line":18,"column":10},"end":{"line":18,"column":null}},"type":"cond-expr","locations":[{"start":{"line":18,"column":13},"end":{"line":18,"column":19}},{"start":{"line":18,"column":19},"end":{"line":18,"column":null}}]},"1":{"loc":{"start":{"line":37,"column":6},"end":{"line":42,"column":7}},"type":"if","locations":[{"start":{"line":37,"column":6},"end":{"line":42,"column":7}},{"start":{"line":40,"column":13},"end":{"line":42,"column":7}}]},"2":{"loc":{"start":{"line":74,"column":28},"end":{"line":74,"column":63}},"type":"cond-expr","locations":[{"start":{"line":74,"column":42},"end":{"line":74,"column":51}},{"start":{"line":74,"column":54},"end":{"line":74,"column":63}}]},"3":{"loc":{"start":{"line":88,"column":19},"end":{"line":88,"column":85}},"type":"cond-expr","locations":[{"start":{"line":88,"column":41},"end":{"line":88,"column":45}},{"start":{"line":88,"column":48},"end":{"line":88,"column":85}}]},"4":{"loc":{"start":{"line":88,"column":48},"end":{"line":88,"column":85}},"type":"cond-expr","locations":[{"start":{"line":88,"column":68},"end":{"line":88,"column":73}},{"start":{"line":88,"column":76},"end":{"line":88,"column":85}}]},"5":{"loc":{"start":{"line":106,"column":13},"end":{"line":113,"column":null}},"type":"binary-expr","locations":[{"start":{"line":106,"column":13},"end":{"line":106,"column":20}},{"start":{"line":107,"column":14},"end":{"line":110,"column":null}}]},"6":{"loc":{"start":{"line":126,"column":22},"end":{"line":126,"column":58}},"type":"cond-expr","locations":[{"start":{"line":126,"column":32},"end":{"line":126,"column":46}},{"start":{"line":126,"column":49},"end":{"line":126,"column":58}}]},"7":{"loc":{"start":{"line":135,"column":22},"end":{"line":135,"column":58}},"type":"cond-expr","locations":[{"start":{"line":135,"column":32},"end":{"line":135,"column":46}},{"start":{"line":135,"column":49},"end":{"line":135,"column":58}}]},"8":{"loc":{"start":{"line":144,"column":22},"end":{"line":144,"column":58}},"type":"cond-expr","locations":[{"start":{"line":144,"column":32},"end":{"line":144,"column":46}},{"start":{"line":144,"column":49},"end":{"line":144,"column":58}}]},"9":{"loc":{"start":{"line":151,"column":7},"end":{"line":157,"column":null}},"type":"binary-expr","locations":[{"start":{"line":151,"column":7},"end":{"line":151,"column":15}},{"start":{"line":152,"column":8},"end":{"line":156,"column":null}}]}},"s":{"0":1,"1":1,"2":1,"3":1,"4":1,"5":1,"6":1,"7":1,"8":1,"9":2,"10":2,"11":2,"12":2,"13":2,"14":2,"15":2,"16":2,"17":2,"18":2,"19":2,"20":2,"21":2,"22":2,"23":2,"24":2,"25":2,"26":2,"27":2,"28":2,"29":2,"30":2,"31":3,"32":1,"33":1,"34":1,"35":1,"36":1,"37":1,"38":0,"39":0,"40":0,"41":1,"42":2,"43":1,"44":2,"45":0,"46":0,"47":2,"48":0,"49":0,"50":2,"51":0,"52":0,"53":2,"54":0,"55":0,"56":0,"57":0,"58":2,"59":0,"60":2,"61":0,"62":2,"63":0,"64":2,"65":0,"66":0,"67":1},"f":{"0":2,"1":2,"2":1,"3":0,"4":0,"5":0,"6":0,"7":0,"8":0,"9":0,"10":0,"11":0},"b":{"0":[0,2],"1":[1,0],"2":[0,0],"3":[0,0],"4":[0,0],"5":[2,2],"6":[2,0],"7":[2,0],"8":[2,0],"9":[2,0]}}
,"/Applications/My Applications/untitled folder/task-module/src/bootstrap.tsx": {"path":"/Applications/My Applications/untitled folder/task-module/src/bootstrap.tsx","statementMap":{"0":{"start":{"line":1,"column":0},"end":{"line":1,"column":26}},"1":{"start":{"line":2,"column":0},"end":{"line":2,"column":40}},"2":{"start":{"line":3,"column":0},"end":{"line":3,"column":38}},"3":{"start":{"line":4,"column":0},"end":{"line":4,"column":7}},"4":{"start":{"line":30,"column":9},"end":{"line":4,"column":46}},"5":{"start":{"line":8,"column":14},"end":{"line":18,"column":1}},"6":{"start":{"line":9,"column":15},"end":{"line":9,"column":47}},"7":{"start":{"line":11,"column":2},"end":{"line":17,"column":4}},"8":{"start":{"line":21,"column":0},"end":{"line":27,"column":1}},"9":{"start":{"line":22,"column":22},"end":{"line":22,"column":53}},"10":{"start":{"line":24,"column":2},"end":{"line":26,"column":3}},"11":{"start":{"line":25,"column":4},"end":{"line":25,"column":23}}},"fnMap":{"0":{"name":"(anonymous_1)","decl":{"start":{"line":8,"column":14},"end":{"line":8,"column":15}},"loc":{"start":{"line":8,"column":39},"end":{"line":18,"column":1}}}},"branchMap":{"0":{"loc":{"start":{"line":21,"column":0},"end":{"line":27,"column":1}},"type":"if","locations":[{"start":{"line":21,"column":0},"end":{"line":27,"column":1}}]},"1":{"loc":{"start":{"line":24,"column":2},"end":{"line":26,"column":3}},"type":"if","locations":[{"start":{"line":24,"column":2},"end":{"line":26,"column":3}}]}},"s":{"0":0,"1":0,"2":0,"3":0,"4":0,"5":0,"6":0,"7":0,"8":0,"9":0,"10":0,"11":0},"f":{"0":0},"b":{"0":[0],"1":[0]}}
,"/Applications/My Applications/untitled folder/task-module/src/index.tsx": {"path":"/Applications/My Applications/untitled folder/task-module/src/index.tsx","statementMap":{"0":{"start":{"line":1,"column":0},"end":{"line":1,"column":22}}},"fnMap":{"0":{"name":"(anonymous_9)","decl":{"start":{"line":1,"column":0},"end":{"line":1,"column":7}},"loc":{"start":{"line":1,"column":0},"end":{"line":1,"column":22}}}},"branchMap":{},"s":{"0":0},"f":{"0":0},"b":{}}
,"/Applications/My Applications/untitled folder/task-module/src/components/TaskFilter.tsx": {"path":"/Applications/My Applications/untitled folder/task-module/src/components/TaskFilter.tsx","statementMap":{"0":{"start":{"line":1,"column":0},"end":{"line":1,"column":40}},"1":{"start":{"line":2,"column":0},"end":{"line":2,"column":72}},"2":{"start":{"line":3,"column":0},"end":{"line":3,"column":66}},"3":{"start":{"line":6,"column":19},"end":{"line":6,"column":26}},"4":{"start":{"line":7,"column":24},"end":{"line":7,"column":35}},"5":{"start":{"line":13,"column":46},"end":{"line":113,"column":1}},"6":{"start":{"line":13,"column":63},"end":{"line":13,"column":65}},"7":{"start":{"line":14,"column":17},"end":{"line":14,"column":32}},"8":{"start":{"line":15,"column":34},"end":{"line":15,"column":49}},"9":{"start":{"line":15,"column":17},"end":{"line":15,"column":19}},"10":{"start":{"line":15,"column":30},"end":{"line":15,"column":34}},"11":{"start":{"line":17,"column":23},"end":{"line":34,"column":3}},"12":{"start":{"line":18,"column":32},"end":{"line":18,"column":34}},"13":{"start":{"line":20,"column":4},"end":{"line":22,"column":5}},"14":{"start":{"line":21,"column":6},"end":{"line":21,"column":41}},"15":{"start":{"line":24,"column":4},"end":{"line":27,"column":5}},"16":{"start":{"line":25,"column":6},"end":{"line":25,"column":60}},"17":{"start":{"line":26,"column":6},"end":{"line":26,"column":58}},"18":{"start":{"line":29,"column":4},"end":{"line":31,"column":5}},"19":{"start":{"line":30,"column":6},"end":{"line":30,"column":33}},"20":{"start":{"line":33,"column":4},"end":{"line":33,"column":28}},"21":{"start":{"line":36,"column":22},"end":{"line":39,"column":3}},"22":{"start":{"line":37,"column":4},"end":{"line":37,"column":23}},"23":{"start":{"line":38,"column":4},"end":{"line":38,"column":23}},"24":{"start":{"line":41,"column":23},"end":{"line":43,"column":3}},"25":{"start":{"line":42,"column":4},"end":{"line":42,"column":27}},"26":{"start":{"line":45,"column":2},"end":{"line":55,"column":3}},"27":{"start":{"line":46,"column":4},"end":{"line":54,"column":6}},"28":{"start":{"line":57,"column":2},"end":{"line":112,"column":4}},"29":{"start":{"line":115,"column":0},"end":{"line":115,"column":26}}},"fnMap":{"0":{"name":"(anonymous_9)","decl":{"start":{"line":13,"column":46},"end":{"line":13,"column":47}},"loc":{"start":{"line":13,"column":65},"end":{"line":113,"column":1}}},"1":{"name":"(anonymous_10)","decl":{"start":{"line":17,"column":23},"end":{"line":17,"column":24}},"loc":{"start":{"line":17,"column":35},"end":{"line":34,"column":3}}},"2":{"name":"(anonymous_11)","decl":{"start":{"line":36,"column":22},"end":{"line":36,"column":null}},"loc":{"start":{"line":36,"column":22},"end":{"line":39,"column":3}}},"3":{"name":"(anonymous_12)","decl":{"start":{"line":41,"column":23},"end":{"line":41,"column":null}},"loc":{"start":{"line":41,"column":23},"end":{"line":43,"column":3}}}},"branchMap":{"0":{"loc":{"start":{"line":20,"column":4},"end":{"line":22,"column":5}},"type":"if","locations":[{"start":{"line":20,"column":4},"end":{"line":22,"column":5}}]},"1":{"loc":{"start":{"line":24,"column":4},"end":{"line":27,"column":5}},"type":"if","locations":[{"start":{"line":24,"column":4},"end":{"line":27,"column":5}}]},"2":{"loc":{"start":{"line":24,"column":8},"end":{"line":24,"column":57}},"type":"binary-expr","locations":[{"start":{"line":24,"column":8},"end":{"line":24,"column":24}},{"start":{"line":24,"column":28},"end":{"line":24,"column":57}}]},"3":{"loc":{"start":{"line":29,"column":4},"end":{"line":31,"column":5}},"type":"if","locations":[{"start":{"line":29,"column":4},"end":{"line":31,"column":5}}]},"4":{"loc":{"start":{"line":45,"column":2},"end":{"line":55,"column":3}},"type":"if","locations":[{"start":{"line":45,"column":2},"end":{"line":55,"column":3}}]}},"s":{"0":1,"1":1,"2":1,"3":1,"4":1,"5":1,"6":2,"7":2,"8":2,"9":2,"10":2,"11":2,"12":0,"13":0,"14":0,"15":0,"16":0,"17":0,"18":0,"19":0,"20":0,"21":2,"22":0,"23":0,"24":2,"25":0,"26":2,"27":2,"28":0,"29":1},"f":{"0":2,"1":0,"2":0,"3":0},"b":{"0":[0],"1":[0],"2":[0,0],"3":[0],"4":[2]}}
,"/Applications/My Applications/untitled folder/task-module/src/components/TaskForm.tsx": {"path":"/Applications/My Applications/untitled folder/task-module/src/components/TaskForm.tsx","statementMap":{"0":{"start":{"line":1,"column":0},"end":{"line":1,"column":51}},"1":{"start":{"line":2,"column":0},"end":{"line":2,"column":87}},"2":{"start":{"line":3,"column":0},"end":{"line":3,"column":65}},"3":{"start":{"line":5,"column":0},"end":{"line":5,"column":26}},"4":{"start":{"line":6,"column":0},"end":{"line":6,"column":26}},"5":{"start":{"line":8,"column":21},"end":{"line":8,"column":27}},"6":{"start":{"line":9,"column":19},"end":{"line":9,"column":26}},"7":{"start":{"line":25,"column":42},"end":{"line":214,"column":1}},"8":{"start":{"line":26,"column":9},"end":{"line":26,"column":null}},"9":{"start":{"line":27,"column":6},"end":{"line":27,"column":null}},"10":{"start":{"line":28,"column":10},"end":{"line":28,"column":null}},"11":{"start":{"line":29,"column":11},"end":{"line":29,"column":null}},"12":{"start":{"line":31,"column":17},"end":{"line":31,"column":32}},"13":{"start":{"line":32,"column":32},"end":{"line":32,"column":47}},"14":{"start":{"line":32,"column":16},"end":{"line":32,"column":18}},"15":{"start":{"line":32,"column":28},"end":{"line":32,"column":32}},"16":{"start":{"line":33,"column":28},"end":{"line":33,"column":48}},"17":{"start":{"line":33,"column":14},"end":{"line":33,"column":16}},"18":{"start":{"line":33,"column":24},"end":{"line":33,"column":28}},"19":{"start":{"line":34,"column":42},"end":{"line":34,"column":57}},"20":{"start":{"line":34,"column":21},"end":{"line":34,"column":23}},"21":{"start":{"line":34,"column":38},"end":{"line":34,"column":42}},"22":{"start":{"line":36,"column":2},"end":{"line":65,"column":9}},"23":{"start":{"line":37,"column":23},"end":{"line":62,"column":6}},"24":{"start":{"line":38,"column":6},"end":{"line":38,"column":28}},"25":{"start":{"line":40,"column":14},"end":{"line":40,"column":52}},"26":{"start":{"line":41,"column":25},"end":{"line":43,"column":null}},"27":{"start":{"line":41,"column":14},"end":{"line":43,"column":null}},"28":{"start":{"line":45,"column":8},"end":{"line":55,"column":9}},"29":{"start":{"line":46,"column":16},"end":{"line":51,"column":14}},"30":{"start":{"line":46,"column":71},"end":{"line":51,"column":13}},"31":{"start":{"line":52,"column":10},"end":{"line":52,"column":35}},"32":{"start":{"line":54,"column":10},"end":{"line":54,"column":48}},"33":{"start":{"line":57,"column":8},"end":{"line":57,"column":54}},"34":{"start":{"line":58,"column":8},"end":{"line":58,"column":46}},"35":{"start":{"line":60,"column":8},"end":{"line":60,"column":31}},"36":{"start":{"line":64,"column":4},"end":{"line":64,"column":17}},"37":{"start":{"line":67,"column":2},"end":{"line":82,"column":19}},"38":{"start":{"line":68,"column":4},"end":{"line":81,"column":5}},"39":{"start":{"line":69,"column":6},"end":{"line":78,"column":9}},"40":{"start":{"line":80,"column":6},"end":{"line":80,"column":25}},"41":{"start":{"line":84,"column":23},"end":{"line":119,"column":4}},"42":{"start":{"line":86,"column":21},"end":{"line":86,"column":null}},"43":{"start":{"line":86,"column":12},"end":{"line":86,"column":null}},"44":{"start":{"line":87,"column":6},"end":{"line":87,"column":23}},"45":{"start":{"line":89,"column":6},"end":{"line":92,"column":7}},"46":{"start":{"line":90,"column":8},"end":{"line":90,"column":51}},"47":{"start":{"line":91,"column":8},"end":{"line":91,"column":15}},"48":{"start":{"line":94,"column":12},"end":{"line":101,"column":8}},"49":{"start":{"line":103,"column":23},"end":{"line":103,"column":27}},"50":{"start":{"line":104,"column":10},"end":{"line":104,"column":null}},"51":{"start":{"line":105,"column":10},"end":{"line":105,"column":null}},"52":{"start":{"line":103,"column":12},"end":{"line":105,"column":null}},"53":{"start":{"line":107,"column":6},"end":{"line":112,"column":7}},"54":{"start":{"line":108,"column":8},"end":{"line":108,"column":77}},"55":{"start":{"line":109,"column":8},"end":{"line":109,"column":20}},"56":{"start":{"line":111,"column":8},"end":{"line":111,"column":90}},"57":{"start":{"line":114,"column":6},"end":{"line":114,"column":53}},"58":{"start":{"line":115,"column":6},"end":{"line":115,"column":68}},"59":{"start":{"line":117,"column":6},"end":{"line":117,"column":24}},"60":{"start":{"line":121,"column":2},"end":{"line":213,"column":4}},"61":{"start":{"line":187,"column":32},"end":{"line":194,"column":16}},"62":{"start":{"line":216,"column":0},"end":{"line":216,"column":24}}},"fnMap":{"0":{"name":"(anonymous_23)","decl":{"start":{"line":25,"column":42},"end":{"line":25,"column":43}},"loc":{"start":{"line":30,"column":1},"end":{"line":214,"column":1}}},"1":{"name":"(anonymous_24)","decl":{"start":{"line":36,"column":12},"end":{"line":36,"column":null}},"loc":{"start":{"line":36,"column":12},"end":{"line":65,"column":3}}},"2":{"name":"(anonymous_25)","decl":{"start":{"line":37,"column":23},"end":{"line":37,"column":null}},"loc":{"start":{"line":37,"column":23},"end":{"line":62,"column":6}}},"3":{"name":"(anonymous_28)","decl":{"start":{"line":46,"column":56},"end":{"line":46,"column":57}},"loc":{"start":{"line":46,"column":66},"end":{"line":46,"column":72}}},"4":{"name":"(anonymous_29)","decl":{"start":{"line":67,"column":12},"end":{"line":67,"column":null}},"loc":{"start":{"line":67,"column":12},"end":{"line":82,"column":3}}},"5":{"name":"(anonymous_30)","decl":{"start":{"line":84,"column":23},"end":{"line":84,"column":null}},"loc":{"start":{"line":84,"column":23},"end":{"line":119,"column":4}}},"6":{"name":"(anonymous_33)","decl":{"start":{"line":187,"column":24},"end":{"line":187,"column":28}},"loc":{"start":{"line":187,"column":28},"end":{"line":187,"column":null}}}},"branchMap":{"0":{"loc":{"start":{"line":45,"column":8},"end":{"line":55,"column":9}},"type":"if","locations":[{"start":{"line":45,"column":8},"end":{"line":55,"column":9}},{"start":{"line":53,"column":15},"end":{"line":55,"column":9}}]},"1":{"loc":{"start":{"line":47,"column":16},"end":{"line":47,"column":41}},"type":"binary-expr","locations":[{"start":{"line":47,"column":16},"end":{"line":47,"column":24}},{"start":{"line":47,"column":28},"end":{"line":47,"column":35}},{"start":{"line":47,"column":39},"end":{"line":47,"column":41}}]},"2":{"loc":{"start":{"line":68,"column":4},"end":{"line":81,"column":5}},"type":"if","locations":[{"start":{"line":68,"column":4},"end":{"line":81,"column":5}},{"start":{"line":79,"column":11},"end":{"line":81,"column":5}}]},"3":{"loc":{"start":{"line":74,"column":20},"end":{"line":76,"column":31}},"type":"cond-expr","locations":[{"start":{"line":75,"column":12},"end":{"line":75,"column":27}},{"start":{"line":76,"column":12},"end":{"line":76,"column":31}}]},"4":{"loc":{"start":{"line":77,"column":18},"end":{"line":77,"column":39}},"type":"cond-expr","locations":[{"start":{"line":77,"column":31},"end":{"line":77,"column":35}},{"start":{"line":77,"column":35},"end":{"line":77,"column":39}}]},"5":{"loc":{"start":{"line":77,"column":18},"end":{"line":77,"column":35}},"type":"binary-expr","locations":[{"start":{"line":77,"column":18},"end":{"line":77,"column":35}},{"start":{"line":77,"column":31},"end":{"line":77,"column":35}}]},"6":{"loc":{"start":{"line":105,"column":10},"end":{"line":105,"column":null}},"type":"switch","locations":[{"start":{"line":105,"column":10},"end":{"line":105,"column":null}}]},"7":{"loc":{"start":{"line":89,"column":6},"end":{"line":92,"column":7}},"type":"if","locations":[{"start":{"line":89,"column":6},"end":{"line":92,"column":7}}]},"8":{"loc":{"start":{"line":89,"column":10},"end":{"line":89,"column":46}},"type":"binary-expr","locations":[{"start":{"line":89,"column":10},"end":{"line":89,"column":27}},{"start":{"line":89,"column":31},"end":{"line":89,"column":46}}]},"9":{"loc":{"start":{"line":100,"column":18},"end":{"line":100,"column":41}},"type":"cond-expr","locations":[{"start":{"line":100,"column":33},"end":{"line":100,"column":37}},{"start":{"line":100,"column":37},"end":{"line":100,"column":41}}]},"10":{"loc":{"start":{"line":100,"column":18},"end":{"line":100,"column":37}},"type":"binary-expr","locations":[{"start":{"line":100,"column":18},"end":{"line":100,"column":37}},{"start":{"line":100,"column":33},"end":{"line":100,"column":37}}]},"11":{"loc":{"start":{"line":103,"column":23},"end":{"line":103,"column":27}},"type":"if","locations":[{"start":{"line":103,"column":23},"end":{"line":103,"column":27}}]},"12":{"loc":{"start":{"line":107,"column":6},"end":{"line":112,"column":7}},"type":"if","locations":[{"start":{"line":107,"column":6},"end":{"line":112,"column":7}},{"start":{"line":110,"column":13},"end":{"line":112,"column":7}}]},"13":{"loc":{"start":{"line":108,"column":32},"end":{"line":108,"column":60}},"type":"cond-expr","locations":[{"start":{"line":108,"column":39},"end":{"line":108,"column":48}},{"start":{"line":108,"column":51},"end":{"line":108,"column":60}}]},"14":{"loc":{"start":{"line":111,"column":22},"end":{"line":111,"column":88}},"type":"binary-expr","locations":[{"start":{"line":111,"column":22},"end":{"line":111,"column":38}},{"start":{"line":111,"column":42},"end":{"line":111,"column":88}}]},"15":{"loc":{"start":{"line":111,"column":55},"end":{"line":111,"column":81}},"type":"cond-expr","locations":[{"start":{"line":111,"column":62},"end":{"line":111,"column":70}},{"start":{"line":111,"column":73},"end":{"line":111,"column":81}}]},"16":{"loc":{"start":{"line":115,"column":33},"end":{"line":115,"column":59}},"type":"cond-expr","locations":[{"start":{"line":115,"column":40},"end":{"line":115,"column":48}},{"start":{"line":115,"column":51},"end":{"line":115,"column":59}}]},"17":{"loc":{"start":{"line":123,"column":13},"end":{"line":123,"column":51}},"type":"cond-expr","locations":[{"start":{"line":123,"column":20},"end":{"line":123,"column":31}},{"start":{"line":123,"column":34},"end":{"line":123,"column":51}}]},"18":{"loc":{"start":{"line":134,"column":11},"end":{"line":134,"column":37}},"type":"cond-expr","locations":[{"start":{"line":134,"column":18},"end":{"line":134,"column":26}},{"start":{"line":134,"column":29},"end":{"line":134,"column":37}}]},"19":{"loc":{"start":{"line":186,"column":13},"end":{"line":198,"column":null}},"type":"cond-expr","locations":[{"start":{"line":187,"column":14},"end":{"line":194,"column":16}},{"start":{"line":196,"column":14},"end":{"line":196,"column":40}}]},"20":{"loc":{"start":{"line":189,"column":23},"end":{"line":189,"column":71}},"type":"binary-expr","locations":[{"start":{"line":189,"column":23},"end":{"line":189,"column":30}},{"start":{"line":189,"column":34},"end":{"line":189,"column":44}},{"start":{"line":189,"column":48},"end":{"line":189,"column":71}}]}},"s":{"0":1,"1":1,"2":1,"3":1,"4":1,"5":1,"6":1,"7":1,"8":0,"9":0,"10":0,"11":0,"12":0,"13":0,"14":0,"15":0,"16":0,"17":0,"18":0,"19":0,"20":0,"21":0,"22":0,"23":0,"24":0,"25":0,"26":0,"27":0,"28":0,"29":0,"30":0,"31":0,"32":0,"33":0,"34":0,"35":0,"36":0,"37":0,"38":0,"39":0,"40":0,"41":0,"42":0,"43":0,"44":0,"45":0,"46":0,"47":0,"48":0,"49":0,"50":0,"51":0,"52":0,"53":0,"54":0,"55":0,"56":0,"57":0,"58":0,"59":0,"60":0,"61":0,"62":1},"f":{"0":0,"1":0,"2":0,"3":0,"4":0,"5":0,"6":0},"b":{"0":[0,0],"1":[0,0,0],"2":[0,0],"3":[0,0],"4":[0,0],"5":[0,0],"6":[0],"7":[0],"8":[0,0],"9":[0,0],"10":[0,0],"11":[0],"12":[0,0],"13":[0,0],"14":[0,0],"15":[0,0],"16":[0,0],"17":[0,0],"18":[0,0],"19":[0,0],"20":[0,0,0]}}
,"/Applications/My Applications/untitled folder/task-module/src/components/TaskItem.tsx": {"path":"/Applications/My Applications/untitled folder/task-module/src/components/TaskItem.tsx","statementMap":{"0":{"start":{"line":1,"column":0},"end":{"line":1,"column":26}},"1":{"start":{"line":2,"column":0},"end":{"line":2,"column":43}},"2":{"start":{"line":5,"column":17},"end":{"line":5,"column":28}},"3":{"start":{"line":11,"column":42},"end":{"line":70,"column":1}},"4":{"start":{"line":11,"column":49},"end":{"line":11,"column":51}},"5":{"start":{"line":13,"column":33},"end":{"line":19,"column":3}},"6":{"start":{"line":14,"column":18},"end":{"line":14,"column":28}},"7":{"start":{"line":15,"column":20},"end":{"line":15,"column":42}},"8":{"start":{"line":16,"column":21},"end":{"line":16,"column":56}},"9":{"start":{"line":17,"column":21},"end":{"line":17,"column":61}},"10":{"start":{"line":18,"column":4},"end":{"line":18,"column":20}},"11":{"start":{"line":22,"column":23},"end":{"line":36,"column":3}},"12":{"start":{"line":23,"column":4},"end":{"line":25,"column":5}},"13":{"start":{"line":24,"column":6},"end":{"line":24,"column":66}},"14":{"start":{"line":27,"column":26},"end":{"line":27,"column":50}},"15":{"start":{"line":29,"column":4},"end":{"line":33,"column":5}},"16":{"start":{"line":30,"column":6},"end":{"line":30,"column":34}},"17":{"start":{"line":31,"column":11},"end":{"line":33,"column":5}},"18":{"start":{"line":32,"column":6},"end":{"line":32,"column":34}},"19":{"start":{"line":35,"column":4},"end":{"line":35,"column":14}},"20":{"start":{"line":38,"column":2},"end":{"line":69,"column":4}},"21":{"start":{"line":72,"column":0},"end":{"line":72,"column":24}}},"fnMap":{"0":{"name":"(anonymous_1)","decl":{"start":{"line":11,"column":42},"end":{"line":11,"column":43}},"loc":{"start":{"line":11,"column":51},"end":{"line":70,"column":1}}},"1":{"name":"(anonymous_2)","decl":{"start":{"line":13,"column":33},"end":{"line":13,"column":null}},"loc":{"start":{"line":13,"column":33},"end":{"line":19,"column":3}}},"2":{"name":"(anonymous_3)","decl":{"start":{"line":22,"column":23},"end":{"line":22,"column":null}},"loc":{"start":{"line":22,"column":23},"end":{"line":36,"column":3}}}},"branchMap":{"0":{"loc":{"start":{"line":23,"column":4},"end":{"line":25,"column":5}},"type":"if","locations":[{"start":{"line":23,"column":4},"end":{"line":25,"column":5}}]},"1":{"loc":{"start":{"line":29,"column":4},"end":{"line":33,"column":5}},"type":"if","locations":[{"start":{"line":29,"column":4},"end":{"line":33,"column":5}},{"start":{"line":31,"column":11},"end":{"line":33,"column":5}}]},"2":{"loc":{"start":{"line":31,"column":11},"end":{"line":33,"column":5}},"type":"if","locations":[{"start":{"line":31,"column":11},"end":{"line":33,"column":5}}]},"3":{"loc":{"start":{"line":43,"column":16},"end":{"line":43,"column":61}},"type":"binary-expr","locations":[{"start":{"line":43,"column":16},"end":{"line":43,"column":32}},{"start":{"line":43,"column":36},"end":{"line":43,"column":61}}]},"4":{"loc":{"start":{"line":46,"column":13},"end":{"line":47,"column":null}},"type":"binary-expr","locations":[{"start":{"line":46,"column":13},"end":{"line":46,"column":32}},{"start":{"line":47,"column":14},"end":{"line":47,"column":84}}]},"5":{"loc":{"start":{"line":57,"column":7},"end":{"line":60,"column":null}},"type":"binary-expr","locations":[{"start":{"line":57,"column":7},"end":{"line":57,"column":24}},{"start":{"line":57,"column":28},"end":{"line":57,"column":56}},{"start":{"line":58,"column":8},"end":{"line":58,"column":null}}]},"6":{"loc":{"start":{"line":63,"column":7},"end":{"line":66,"column":null}},"type":"binary-expr","locations":[{"start":{"line":63,"column":7},"end":{"line":63,"column":24}},{"start":{"line":63,"column":28},"end":{"line":63,"column":57}},{"start":{"line":63,"column":61},"end":{"line":63,"column":90}},{"start":{"line":64,"column":8},"end":{"line":64,"column":null}}]}},"s":{"0":1,"1":1,"2":1,"3":1,"4":0,"5":0,"6":0,"7":0,"8":0,"9":0,"10":0,"11":0,"12":0,"13":0,"14":0,"15":0,"16":0,"17":0,"18":0,"19":0,"20":0,"21":1},"f":{"0":0,"1":0,"2":0},"b":{"0":[0],"1":[0,0],"2":[0],"3":[0,0],"4":[0,0],"5":[0,0,0],"6":[0,0,0,0]}}
,"/Applications/My Applications/untitled folder/task-module/src/components/TaskList.tsx": {"path":"/Applications/My Applications/untitled folder/task-module/src/components/TaskList.tsx","statementMap":{"0":{"start":{"line":1,"column":0},"end":{"line":1,"column":26}},"1":{"start":{"line":2,"column":0},"end":{"line":2,"column":87}},"2":{"start":{"line":3,"column":0},"end":{"line":3,"column":95}},"3":{"start":{"line":5,"column":0},"end":{"line":5,"column":34}},"4":{"start":{"line":6,"column":0},"end":{"line":6,"column":75}},"5":{"start":{"line":16,"column":42},"end":{"line":150,"column":1}},"6":{"start":{"line":17,"column":7},"end":{"line":17,"column":null}},"7":{"start":{"line":18,"column":9},"end":{"line":18,"column":null}},"8":{"start":{"line":19,"column":10},"end":{"line":19,"column":null}},"9":{"start":{"line":20,"column":8},"end":{"line":20,"column":null}},"10":{"start":{"line":21,"column":16},"end":{"line":21,"column":null}},"11":{"start":{"line":23,"column":18},"end":{"line":23,"column":38}},"12":{"start":{"line":25,"column":23},"end":{"line":38,"column":4}},"13":{"start":{"line":25,"column":40},"end":{"line":38,"column":4}},"14":{"start":{"line":27,"column":23},"end":{"line":27,"column":null}},"15":{"start":{"line":27,"column":12},"end":{"line":27,"column":null}},"16":{"start":{"line":28,"column":6},"end":{"line":33,"column":7}},"17":{"start":{"line":29,"column":8},"end":{"line":29,"column":53}},"18":{"start":{"line":30,"column":8},"end":{"line":30,"column":25}},"19":{"start":{"line":32,"column":8},"end":{"line":32,"column":67}},"20":{"start":{"line":35,"column":6},"end":{"line":35,"column":51}},"21":{"start":{"line":36,"column":6},"end":{"line":36,"column":64}},"22":{"start":{"line":40,"column":33},"end":{"line":57,"column":4}},"23":{"start":{"line":40,"column":72},"end":{"line":57,"column":4}},"24":{"start":{"line":42,"column":23},"end":{"line":45,"column":null}},"25":{"start":{"line":42,"column":12},"end":{"line":45,"column":null}},"26":{"start":{"line":47,"column":6},"end":{"line":52,"column":7}},"27":{"start":{"line":48,"column":8},"end":{"line":48,"column":83}},"28":{"start":{"line":49,"column":8},"end":{"line":49,"column":25}},"29":{"start":{"line":51,"column":8},"end":{"line":51,"column":74}},"30":{"start":{"line":54,"column":6},"end":{"line":54,"column":58}},"31":{"start":{"line":55,"column":6},"end":{"line":55,"column":71}},"32":{"start":{"line":59,"column":18},"end":{"line":139,"column":4}},"33":{"start":{"line":64,"column":46},"end":{"line":64,"column":null}},"34":{"start":{"line":69,"column":46},"end":{"line":78,"column":null}},"35":{"start":{"line":86,"column":8},"end":{"line":86,"column":45}},"36":{"start":{"line":86,"column":25},"end":{"line":86,"column":45}},"37":{"start":{"line":89,"column":8},"end":{"line":91,"column":9}},"38":{"start":{"line":90,"column":10},"end":{"line":90,"column":28}},"39":{"start":{"line":94,"column":8},"end":{"line":94,"column":76}},"40":{"start":{"line":101,"column":32},"end":{"line":101,"column":null}},"41":{"start":{"line":106,"column":46},"end":{"line":137,"column":null}},"42":{"start":{"line":113,"column":31},"end":{"line":113,"column":null}},"43":{"start":{"line":117,"column":33},"end":{"line":117,"column":null}},"44":{"start":{"line":133,"column":37},"end":{"line":133,"column":null}},"45":{"start":{"line":141,"column":2},"end":{"line":149,"column":4}},"46":{"start":{"line":152,"column":0},"end":{"line":152,"column":24}}},"fnMap":{"0":{"name":"(anonymous_14)","decl":{"start":{"line":16,"column":42},"end":{"line":16,"column":43}},"loc":{"start":{"line":22,"column":1},"end":{"line":150,"column":1}}},"1":{"name":"(anonymous_15)","decl":{"start":{"line":25,"column":23},"end":{"line":25,"column":30}},"loc":{"start":{"line":25,"column":40},"end":{"line":38,"column":4}}},"2":{"name":"(anonymous_16)","decl":{"start":{"line":25,"column":40},"end":{"line":25,"column":null}},"loc":{"start":{"line":25,"column":40},"end":{"line":38,"column":4}}},"3":{"name":"(anonymous_18)","decl":{"start":{"line":40,"column":33},"end":{"line":40,"column":40}},"loc":{"start":{"line":40,"column":72},"end":{"line":57,"column":4}}},"4":{"name":"(anonymous_19)","decl":{"start":{"line":40,"column":72},"end":{"line":40,"column":null}},"loc":{"start":{"line":40,"column":72},"end":{"line":57,"column":4}}},"5":{"name":"(anonymous_21)","decl":{"start":{"line":64,"column":14},"end":{"line":64,"column":15}},"loc":{"start":{"line":64,"column":41},"end":{"line":64,"column":47}}},"6":{"name":"(anonymous_22)","decl":{"start":{"line":69,"column":14},"end":{"line":69,"column":15}},"loc":{"start":{"line":69,"column":41},"end":{"line":69,"column":null}}},"7":{"name":"(anonymous_23)","decl":{"start":{"line":84,"column":14},"end":{"line":84,"column":15}},"loc":{"start":{"line":84,"column":30},"end":{"line":95,"column":7}}},"8":{"name":"(anonymous_24)","decl":{"start":{"line":101,"column":14},"end":{"line":101,"column":15}},"loc":{"start":{"line":101,"column":27},"end":{"line":101,"column":36}}},"9":{"name":"(anonymous_25)","decl":{"start":{"line":106,"column":14},"end":{"line":106,"column":15}},"loc":{"start":{"line":106,"column":41},"end":{"line":106,"column":null}}},"10":{"name":"(anonymous_26)","decl":{"start":{"line":113,"column":25},"end":{"line":113,"column":31}},"loc":{"start":{"line":113,"column":25},"end":{"line":113,"column":37}}},"11":{"name":"(anonymous_27)","decl":{"start":{"line":117,"column":27},"end":{"line":117,"column":33}},"loc":{"start":{"line":117,"column":27},"end":{"line":117,"column":45}}},"12":{"name":"(anonymous_28)","decl":{"start":{"line":133,"column":24},"end":{"line":133,"column":25}},"loc":{"start":{"line":133,"column":32},"end":{"line":133,"column":59}}}},"branchMap":{"0":{"loc":{"start":{"line":28,"column":6},"end":{"line":33,"column":7}},"type":"if","locations":[{"start":{"line":28,"column":6},"end":{"line":33,"column":7}},{"start":{"line":31,"column":13},"end":{"line":33,"column":7}}]},"1":{"loc":{"start":{"line":32,"column":22},"end":{"line":32,"column":65}},"type":"binary-expr","locations":[{"start":{"line":32,"column":22},"end":{"line":32,"column":38}},{"start":{"line":32,"column":42},"end":{"line":32,"column":65}}]},"2":{"loc":{"start":{"line":44,"column":24},"end":{"line":44,"column":74}},"type":"cond-expr","locations":[{"start":{"line":44,"column":38},"end":{"line":44,"column":62}},{"start":{"line":44,"column":65},"end":{"line":44,"column":74}}]},"3":{"loc":{"start":{"line":47,"column":6},"end":{"line":52,"column":7}},"type":"if","locations":[{"start":{"line":47,"column":6},"end":{"line":52,"column":7}},{"start":{"line":50,"column":13},"end":{"line":52,"column":7}}]},"4":{"loc":{"start":{"line":48,"column":42},"end":{"line":48,"column":79}},"type":"cond-expr","locations":[{"start":{"line":48,"column":56},"end":{"line":48,"column":67}},{"start":{"line":48,"column":70},"end":{"line":48,"column":79}}]},"5":{"loc":{"start":{"line":51,"column":22},"end":{"line":51,"column":72}},"type":"binary-expr","locations":[{"start":{"line":51,"column":22},"end":{"line":51,"column":38}},{"start":{"line":51,"column":42},"end":{"line":51,"column":72}}]},"6":{"loc":{"start":{"line":71,"column":22},"end":{"line":71,"column":58}},"type":"cond-expr","locations":[{"start":{"line":71,"column":40},"end":{"line":71,"column":46}},{"start":{"line":71,"column":49},"end":{"line":71,"column":58}}]},"7":{"loc":{"start":{"line":72,"column":13},"end":{"line":72,"column":52}},"type":"cond-expr","locations":[{"start":{"line":72,"column":31},"end":{"line":72,"column":39}},{"start":{"line":72,"column":42},"end":{"line":72,"column":52}}]},"8":{"loc":{"start":{"line":74,"column":22},"end":{"line":74,"column":67}},"type":"cond-expr","locations":[{"start":{"line":74,"column":43},"end":{"line":74,"column":52}},{"start":{"line":74,"column":55},"end":{"line":74,"column":67}}]},"9":{"loc":{"start":{"line":75,"column":13},"end":{"line":75,"column":57}},"type":"cond-expr","locations":[{"start":{"line":75,"column":34},"end":{"line":75,"column":45}},{"start":{"line":75,"column":48},"end":{"line":75,"column":57}}]},"10":{"loc":{"start":{"line":86,"column":8},"end":{"line":86,"column":45}},"type":"if","locations":[{"start":{"line":86,"column":8},"end":{"line":86,"column":45}}]},"11":{"loc":{"start":{"line":89,"column":8},"end":{"line":91,"column":9}},"type":"if","locations":[{"start":{"line":89,"column":8},"end":{"line":91,"column":9}}]},"12":{"loc":{"start":{"line":94,"column":18},"end":{"line":94,"column":44}},"type":"binary-expr","locations":[{"start":{"line":94,"column":18},"end":{"line":94,"column":38}},{"start":{"line":94,"column":42},"end":{"line":94,"column":44}}]},"13":{"loc":{"start":{"line":94,"column":48},"end":{"line":94,"column":73}},"type":"binary-expr","locations":[{"start":{"line":94,"column":48},"end":{"line":94,"column":67}},{"start":{"line":94,"column":71},"end":{"line":94,"column":73}}]},"14":{"loc":{"start":{"line":108,"column":11},"end":{"line":134,"column":null}},"type":"cond-expr","locations":[{"start":{"line":109,"column":12},"end":{"line":126,"column":null}},{"start":{"line":129,"column":12},"end":{"line":133,"column":null}}]},"15":{"loc":{"start":{"line":113,"column":31},"end":{"line":113,"column":55}},"type":"binary-expr","locations":[{"start":{"line":113,"column":31},"end":{"line":113,"column":37}},{"start":{"line":113,"column":41},"end":{"line":113,"column":55}}]}},"s":{"0":1,"1":1,"2":1,"3":1,"4":1,"5":1,"6":2,"7":2,"8":2,"9":2,"10":2,"11":2,"12":2,"13":0,"14":0,"15":0,"16":0,"17":0,"18":0,"19":0,"20":0,"21":0,"22":2,"23":0,"24":0,"25":0,"26":0,"27":0,"28":0,"29":0,"30":0,"31":0,"32":2,"33":0,"34":0,"35":0,"36":0,"37":0,"38":0,"39":0,"40":0,"41":0,"42":0,"43":0,"44":0,"45":2,"46":1},"f":{"0":2,"1":0,"2":0,"3":0,"4":0,"5":0,"6":0,"7":0,"8":0,"9":0,"10":0,"11":0,"12":0},"b":{"0":[0,0],"1":[0,0],"2":[0,0],"3":[0,0],"4":[0,0],"5":[0,0],"6":[0,0],"7":[0,0],"8":[0,0],"9":[0,0],"10":[0],"11":[0],"12":[0,0],"13":[0,0],"14":[0,0],"15":[0,0]}}
,"/Applications/My Applications/untitled folder/task-module/src/services/taskService.ts": {"path":"/Applications/My Applications/untitled folder/task-module/src/services/taskService.ts","statementMap":{"0":{"start":{"line":2,"column":0},"end":{"line":2,"column":26}},"1":{"start":{"line":6,"column":16},"end":{"line":6,"column":43}},"2":{"start":{"line":9,"column":25},"end":{"line":19,"column":1}},"3":{"start":{"line":10,"column":16},"end":{"line":10,"column":45}},"4":{"start":{"line":12,"column":2},"end":{"line":18,"column":5}},"5":{"start":{"line":22,"column":24},"end":{"line":58,"column":2}},"6":{"start":{"line":22,"column":51},"end":{"line":58,"column":2}},"7":{"start":{"line":23,"column":8},"end":{"line":23,"column":38}},"8":{"start":{"line":25,"column":6},"end":{"line":25,"column":24}},"9":{"start":{"line":27,"column":2},"end":{"line":49,"column":3}},"10":{"start":{"line":28,"column":10},"end":{"line":28,"column":46}},"11":{"start":{"line":30,"column":4},"end":{"line":32,"column":5}},"12":{"start":{"line":31,"column":6},"end":{"line":31,"column":69}},"13":{"start":{"line":34,"column":4},"end":{"line":36,"column":5}},"14":{"start":{"line":35,"column":6},"end":{"line":35,"column":63}},"15":{"start":{"line":38,"column":4},"end":{"line":40,"column":5}},"16":{"start":{"line":39,"column":6},"end":{"line":39,"column":59}},"17":{"start":{"line":42,"column":4},"end":{"line":44,"column":5}},"18":{"start":{"line":43,"column":6},"end":{"line":43,"column":47}},"19":{"start":{"line":46,"column":4},"end":{"line":48,"column":5}},"20":{"start":{"line":47,"column":6},"end":{"line":47,"column":45}},"21":{"start":{"line":52,"column":21},"end":{"line":52,"column":null}},"22":{"start":{"line":52,"column":10},"end":{"line":52,"column":null}},"23":{"start":{"line":53,"column":4},"end":{"line":53,"column":25}},"24":{"start":{"line":55,"column":4},"end":{"line":55,"column":50}},"25":{"start":{"line":56,"column":4},"end":{"line":56,"column":50}},"26":{"start":{"line":22,"column":13},"end":{"line":22,"column":24}},"27":{"start":{"line":60,"column":23},"end":{"line":69,"column":2}},"28":{"start":{"line":60,"column":40},"end":{"line":69,"column":2}},"29":{"start":{"line":61,"column":8},"end":{"line":61,"column":38}},"30":{"start":{"line":63,"column":21},"end":{"line":63,"column":null}},"31":{"start":{"line":63,"column":10},"end":{"line":63,"column":null}},"32":{"start":{"line":64,"column":4},"end":{"line":64,"column":25}},"33":{"start":{"line":66,"column":4},"end":{"line":66,"column":49}},"34":{"start":{"line":67,"column":4},"end":{"line":67,"column":48}},"35":{"start":{"line":60,"column":13},"end":{"line":60,"column":23}},"36":{"start":{"line":71,"column":26},"end":{"line":80,"column":2}},"37":{"start":{"line":71,"column":60},"end":{"line":80,"column":2}},"38":{"start":{"line":72,"column":8},"end":{"line":72,"column":38}},"39":{"start":{"line":74,"column":21},"end":{"line":74,"column":null}},"40":{"start":{"line":74,"column":10},"end":{"line":74,"column":null}},"41":{"start":{"line":75,"column":4},"end":{"line":75,"column":25}},"42":{"start":{"line":77,"column":4},"end":{"line":77,"column":49}},"43":{"start":{"line":78,"column":4},"end":{"line":78,"column":48}},"44":{"start":{"line":71,"column":13},"end":{"line":71,"column":26}},"45":{"start":{"line":82,"column":26},"end":{"line":91,"column":2}},"46":{"start":{"line":82,"column":72},"end":{"line":91,"column":2}},"47":{"start":{"line":83,"column":8},"end":{"line":83,"column":38}},"48":{"start":{"line":85,"column":21},"end":{"line":85,"column":null}},"49":{"start":{"line":85,"column":10},"end":{"line":85,"column":null}},"50":{"start":{"line":86,"column":4},"end":{"line":86,"column":25}},"51":{"start":{"line":88,"column":4},"end":{"line":88,"column":49}},"52":{"start":{"line":89,"column":4},"end":{"line":89,"column":48}},"53":{"start":{"line":82,"column":13},"end":{"line":82,"column":26}},"54":{"start":{"line":93,"column":26},"end":{"line":102,"column":2}},"55":{"start":{"line":93,"column":43},"end":{"line":102,"column":2}},"56":{"start":{"line":94,"column":8},"end":{"line":94,"column":38}},"57":{"start":{"line":96,"column":21},"end":{"line":96,"column":null}},"58":{"start":{"line":96,"column":10},"end":{"line":96,"column":null}},"59":{"start":{"line":97,"column":4},"end":{"line":97,"column":25}},"60":{"start":{"line":99,"column":4},"end":{"line":99,"column":49}},"61":{"start":{"line":100,"column":4},"end":{"line":100,"column":64}},"62":{"start":{"line":93,"column":13},"end":{"line":93,"column":26}},"63":{"start":{"line":104,"column":36},"end":{"line":113,"column":2}},"64":{"start":{"line":104,"column":88},"end":{"line":113,"column":2}},"65":{"start":{"line":105,"column":8},"end":{"line":105,"column":38}},"66":{"start":{"line":107,"column":21},"end":{"line":107,"column":null}},"67":{"start":{"line":107,"column":10},"end":{"line":107,"column":null}},"68":{"start":{"line":108,"column":4},"end":{"line":108,"column":25}},"69":{"start":{"line":110,"column":4},"end":{"line":110,"column":60}},"70":{"start":{"line":111,"column":4},"end":{"line":111,"column":48}},"71":{"start":{"line":104,"column":13},"end":{"line":104,"column":36}}},"fnMap":{"0":{"name":"(anonymous_14)","decl":{"start":{"line":9,"column":25},"end":{"line":9,"column":null}},"loc":{"start":{"line":9,"column":25},"end":{"line":19,"column":1}}},"1":{"name":"(anonymous_15)","decl":{"start":{"line":22,"column":24},"end":{"line":22,"column":31}},"loc":{"start":{"line":22,"column":51},"end":{"line":58,"column":2}}},"2":{"name":"(anonymous_16)","decl":{"start":{"line":22,"column":61},"end":{"line":22,"column":null}},"loc":{"start":{"line":22,"column":61},"end":{"line":58,"column":2}}},"3":{"name":"(anonymous_18)","decl":{"start":{"line":60,"column":23},"end":{"line":60,"column":30}},"loc":{"start":{"line":60,"column":40},"end":{"line":69,"column":2}}},"4":{"name":"(anonymous_19)","decl":{"start":{"line":60,"column":50},"end":{"line":60,"column":null}},"loc":{"start":{"line":60,"column":50},"end":{"line":69,"column":2}}},"5":{"name":"(anonymous_21)","decl":{"start":{"line":71,"column":26},"end":{"line":71,"column":33}},"loc":{"start":{"line":71,"column":60},"end":{"line":80,"column":2}}},"6":{"name":"(anonymous_22)","decl":{"start":{"line":71,"column":70},"end":{"line":71,"column":null}},"loc":{"start":{"line":71,"column":70},"end":{"line":80,"column":2}}},"7":{"name":"(anonymous_24)","decl":{"start":{"line":82,"column":26},"end":{"line":82,"column":33}},"loc":{"start":{"line":82,"column":72},"end":{"line":91,"column":2}}},"8":{"name":"(anonymous_25)","decl":{"start":{"line":82,"column":82},"end":{"line":82,"column":null}},"loc":{"start":{"line":82,"column":82},"end":{"line":91,"column":2}}},"9":{"name":"(anonymous_27)","decl":{"start":{"line":93,"column":26},"end":{"line":93,"column":33}},"loc":{"start":{"line":93,"column":43},"end":{"line":102,"column":2}}},"10":{"name":"(anonymous_28)","decl":{"start":{"line":93,"column":53},"end":{"line":93,"column":null}},"loc":{"start":{"line":93,"column":53},"end":{"line":102,"column":2}}},"11":{"name":"(anonymous_30)","decl":{"start":{"line":104,"column":36},"end":{"line":104,"column":43}},"loc":{"start":{"line":104,"column":88},"end":{"line":113,"column":2}}},"12":{"name":"(anonymous_31)","decl":{"start":{"line":104,"column":98},"end":{"line":104,"column":null}},"loc":{"start":{"line":104,"column":98},"end":{"line":113,"column":2}}}},"branchMap":{"0":{"loc":{"start":{"line":16,"column":23},"end":{"line":16,"column":53}},"type":"cond-expr","locations":[{"start":{"line":16,"column":31},"end":{"line":16,"column":48}},{"start":{"line":16,"column":51},"end":{"line":16,"column":53}}]},"1":{"loc":{"start":{"line":27,"column":2},"end":{"line":49,"column":3}},"type":"if","locations":[{"start":{"line":27,"column":2},"end":{"line":49,"column":3}}]},"2":{"loc":{"start":{"line":30,"column":4},"end":{"line":32,"column":5}},"type":"if","locations":[{"start":{"line":30,"column":4},"end":{"line":32,"column":5}}]},"3":{"loc":{"start":{"line":34,"column":4},"end":{"line":36,"column":5}},"type":"if","locations":[{"start":{"line":34,"column":4},"end":{"line":36,"column":5}}]},"4":{"loc":{"start":{"line":38,"column":4},"end":{"line":40,"column":5}},"type":"if","locations":[{"start":{"line":38,"column":4},"end":{"line":40,"column":5}}]},"5":{"loc":{"start":{"line":42,"column":4},"end":{"line":44,"column":5}},"type":"if","locations":[{"start":{"line":42,"column":4},"end":{"line":44,"column":5}}]},"6":{"loc":{"start":{"line":46,"column":4},"end":{"line":48,"column":5}},"type":"if","locations":[{"start":{"line":46,"column":4},"end":{"line":48,"column":5}}]}},"s":{"0":0,"1":0,"2":0,"3":0,"4":0,"5":0,"6":0,"7":0,"8":0,"9":0,"10":0,"11":0,"12":0,"13":0,"14":0,"15":0,"16":0,"17":0,"18":0,"19":0,"20":0,"21":0,"22":0,"23":0,"24":0,"25":0,"26":0,"27":0,"28":0,"29":0,"30":0,"31":0,"32":0,"33":0,"34":0,"35":0,"36":0,"37":0,"38":0,"39":0,"40":0,"41":0,"42":0,"43":0,"44":0,"45":0,"46":0,"47":0,"48":0,"49":0,"50":0,"51":0,"52":0,"53":0,"54":0,"55":0,"56":0,"57":0,"58":0,"59":0,"60":0,"61":0,"62":0,"63":0,"64":0,"65":0,"66":0,"67":0,"68":0,"69":0,"70":0,"71":0},"f":{"0":0,"1":0,"2":0,"3":0,"4":0,"5":0,"6":0,"7":0,"8":0,"9":0,"10":0,"11":0,"12":0},"b":{"0":[0,0],"1":[0],"2":[0],"3":[0],"4":[0],"5":[0],"6":[0]}}
}
