TN:
SF:src/TaskManagement.tsx
FN:17,(anonymous_25)
FN:33,(anonymous_26)
FN:51,(anonymous_29)
FN:55,(anonymous_30)
FN:60,(anonymous_31)
FN:65,(anonymous_32)
FN:70,(anonymous_33)
FN:77,(anonymous_34)
FN:81,(anonymous_35)
FN:85,(anonymous_36)
FN:132,(anonymous_37)
FN:141,(anonymous_38)
FNF:12
FNH:4
FNDA:13,(anonymous_25)
FNDA:8,(anonymous_26)
FNDA:4,(anonymous_29)
FNDA:1,(anonymous_30)
FNDA:0,(anonymous_31)
FNDA:0,(anonymous_32)
FNDA:0,(anonymous_33)
FNDA:0,(anonymous_34)
FNDA:0,(anonymous_35)
FNDA:0,(anonymous_36)
FNDA:0,(anonymous_37)
FNDA:0,(anonymous_38)
DA:1,1
DA:2,1
DA:3,1
DA:4,1
DA:5,1
DA:6,1
DA:7,1
DA:10,1
DA:17,1
DA:18,13
DA:19,13
DA:21,13
DA:22,13
DA:23,13
DA:24,13
DA:25,13
DA:26,13
DA:31,13
DA:33,17
DA:34,4
DA:36,4
DA:37,4
DA:38,4
DA:39,4
DA:41,0
DA:44,0
DA:45,0
DA:47,4
DA:51,13
DA:52,4
DA:55,13
DA:56,1
DA:57,1
DA:60,13
DA:61,0
DA:62,0
DA:65,13
DA:66,0
DA:67,0
DA:70,13
DA:71,0
DA:72,0
DA:73,0
DA:74,0
DA:77,13
DA:78,0
DA:81,13
DA:82,0
DA:85,13
DA:86,0
DA:92,13
DA:132,0
DA:141,0
DA:163,1
LF:54
LH:38
BRDA:18,0,0,0
BRDA:18,0,1,13
BRDA:37,1,0,4
BRDA:37,1,1,0
BRDA:74,2,0,0
BRDA:74,2,1,0
BRDA:88,3,0,0
BRDA:88,3,1,0
BRDA:88,4,0,0
BRDA:88,4,1,0
BRDA:106,5,0,13
BRDA:106,5,1,10
BRDA:126,6,0,10
BRDA:126,6,1,3
BRDA:135,7,0,10
BRDA:135,7,1,3
BRDA:144,8,0,10
BRDA:144,8,1,3
BRDA:151,9,0,13
BRDA:151,9,1,1
BRF:20
BRH:12
end_of_record
TN:
SF:src/bootstrap.tsx
FN:7,(anonymous_1)
FNF:1
FNH:0
FNDA:0,(anonymous_1)
DA:1,0
DA:2,0
DA:3,0
DA:4,0
DA:7,0
DA:8,0
DA:10,0
DA:19,0
DA:20,0
DA:22,0
DA:23,0
DA:27,0
LF:12
LH:0
BRDA:19,0,0,0
BRDA:22,1,0,0
BRF:2
BRH:0
end_of_record
TN:
SF:src/index.tsx
FN:1,(anonymous_9)
FNF:1
FNH:0
FNDA:0,(anonymous_9)
DA:1,0
LF:1
LH:0
BRF:0
BRH:0
end_of_record
TN:
SF:src/components/TaskFilter.tsx
FN:13,(anonymous_9)
FN:17,(anonymous_10)
FN:36,(anonymous_11)
FN:41,(anonymous_12)
FNF:4
FNH:1
FNDA:13,(anonymous_9)
FNDA:0,(anonymous_10)
FNDA:0,(anonymous_11)
FNDA:0,(anonymous_12)
DA:1,1
DA:2,1
DA:3,1
DA:6,1
DA:7,1
DA:13,13
DA:14,13
DA:15,13
DA:17,13
DA:18,0
DA:20,0
DA:21,0
DA:24,0
DA:25,0
DA:26,0
DA:29,0
DA:30,0
DA:33,0
DA:36,13
DA:37,0
DA:38,0
DA:41,13
DA:42,0
DA:45,13
DA:46,13
DA:57,0
DA:115,1
LF:27
LH:14
BRDA:20,0,0,0
BRDA:24,1,0,0
BRDA:24,2,0,0
BRDA:24,2,1,0
BRDA:29,3,0,0
BRDA:45,4,0,13
BRF:6
BRH:1
end_of_record
TN:
SF:src/components/TaskForm.tsx
FN:25,(anonymous_23)
FN:36,(anonymous_24)
FN:37,(anonymous_25)
FN:46,(anonymous_28)
FN:67,(anonymous_29)
FN:84,(anonymous_30)
FN:187,(anonymous_33)
FNF:7
FNH:4
FNDA:2,(anonymous_23)
FNDA:1,(anonymous_24)
FNDA:2,(anonymous_25)
FNDA:0,(anonymous_28)
FNDA:1,(anonymous_29)
FNDA:0,(anonymous_30)
FNDA:0,(anonymous_33)
DA:1,1
DA:2,1
DA:3,1
DA:5,1
DA:6,1
DA:8,1
DA:9,1
DA:25,1
DA:26,2
DA:27,2
DA:28,2
DA:29,2
DA:31,2
DA:32,2
DA:33,2
DA:34,2
DA:36,2
DA:37,2
DA:38,1
DA:40,1
DA:41,1
DA:45,0
DA:46,0
DA:52,0
DA:54,0
DA:57,0
DA:58,0
DA:60,0
DA:64,1
DA:67,2
DA:68,1
DA:69,0
DA:80,1
DA:84,2
DA:86,0
DA:87,0
DA:89,0
DA:90,0
DA:91,0
DA:94,0
DA:103,0
DA:104,0
DA:105,0
DA:107,0
DA:108,0
DA:109,0
DA:111,0
DA:114,0
DA:115,0
DA:117,0
DA:121,2
DA:187,0
DA:216,1
LF:53
LH:28
BRDA:45,0,0,0
BRDA:45,0,1,0
BRDA:47,1,0,0
BRDA:47,1,1,0
BRDA:47,1,2,0
BRDA:68,2,0,0
BRDA:68,2,1,1
BRDA:74,3,0,0
BRDA:74,3,1,0
BRDA:77,4,0,0
BRDA:77,4,1,0
BRDA:77,5,0,0
BRDA:77,5,1,0
BRDA:105,6,0,0
BRDA:89,7,0,0
BRDA:89,8,0,0
BRDA:89,8,1,0
BRDA:100,9,0,0
BRDA:100,9,1,0
BRDA:100,10,0,0
BRDA:100,10,1,0
BRDA:103,11,0,0
BRDA:107,12,0,0
BRDA:107,12,1,0
BRDA:108,13,0,0
BRDA:108,13,1,0
BRDA:111,14,0,0
BRDA:111,14,1,0
BRDA:111,15,0,0
BRDA:111,15,1,0
BRDA:115,16,0,0
BRDA:115,16,1,0
BRDA:123,17,0,0
BRDA:123,17,1,2
BRDA:134,18,0,0
BRDA:134,18,1,2
BRDA:186,19,0,0
BRDA:186,19,1,2
BRDA:189,20,0,0
BRDA:189,20,1,0
BRDA:189,20,2,0
BRF:41
BRH:4
end_of_record
TN:
SF:src/components/TaskItem.tsx
FN:11,(anonymous_1)
FN:13,(anonymous_2)
FN:22,(anonymous_3)
FNF:3
FNH:0
FNDA:0,(anonymous_1)
FNDA:0,(anonymous_2)
FNDA:0,(anonymous_3)
DA:1,1
DA:2,1
DA:5,1
DA:11,1
DA:13,0
DA:14,0
DA:15,0
DA:16,0
DA:17,0
DA:18,0
DA:22,0
DA:23,0
DA:24,0
DA:27,0
DA:29,0
DA:30,0
DA:31,0
DA:32,0
DA:35,0
DA:38,0
DA:72,1
LF:21
LH:5
BRDA:23,0,0,0
BRDA:29,1,0,0
BRDA:29,1,1,0
BRDA:31,2,0,0
BRDA:43,3,0,0
BRDA:43,3,1,0
BRDA:46,4,0,0
BRDA:46,4,1,0
BRDA:57,5,0,0
BRDA:57,5,1,0
BRDA:57,5,2,0
BRDA:63,6,0,0
BRDA:63,6,1,0
BRDA:63,6,2,0
BRDA:63,6,3,0
BRF:15
BRH:0
end_of_record
TN:
SF:src/components/TaskList.tsx
FN:16,(anonymous_14)
FN:25,(anonymous_15)
FN:25,(anonymous_16)
FN:40,(anonymous_18)
FN:40,(anonymous_19)
FN:64,(anonymous_21)
FN:69,(anonymous_22)
FN:84,(anonymous_23)
FN:101,(anonymous_24)
FN:106,(anonymous_25)
FN:113,(anonymous_26)
FN:117,(anonymous_27)
FN:133,(anonymous_28)
FNF:13
FNH:0
FNDA:0,(anonymous_14)
FNDA:0,(anonymous_15)
FNDA:0,(anonymous_16)
FNDA:0,(anonymous_18)
FNDA:0,(anonymous_19)
FNDA:0,(anonymous_21)
FNDA:0,(anonymous_22)
FNDA:0,(anonymous_23)
FNDA:0,(anonymous_24)
FNDA:0,(anonymous_25)
FNDA:0,(anonymous_26)
FNDA:0,(anonymous_27)
FNDA:0,(anonymous_28)
DA:1,1
DA:2,1
DA:3,1
DA:5,1
DA:6,1
DA:16,1
DA:17,0
DA:18,0
DA:19,0
DA:20,0
DA:21,0
DA:23,0
DA:25,0
DA:27,0
DA:28,0
DA:29,0
DA:30,0
DA:32,0
DA:35,0
DA:36,0
DA:40,0
DA:42,0
DA:47,0
DA:48,0
DA:49,0
DA:51,0
DA:54,0
DA:55,0
DA:59,0
DA:64,0
DA:69,0
DA:86,0
DA:89,0
DA:90,0
DA:94,0
DA:101,0
DA:106,0
DA:113,0
DA:117,0
DA:133,0
DA:141,0
DA:152,1
LF:42
LH:7
BRDA:28,0,0,0
BRDA:28,0,1,0
BRDA:32,1,0,0
BRDA:32,1,1,0
BRDA:44,2,0,0
BRDA:44,2,1,0
BRDA:47,3,0,0
BRDA:47,3,1,0
BRDA:48,4,0,0
BRDA:48,4,1,0
BRDA:51,5,0,0
BRDA:51,5,1,0
BRDA:71,6,0,0
BRDA:71,6,1,0
BRDA:72,7,0,0
BRDA:72,7,1,0
BRDA:74,8,0,0
BRDA:74,8,1,0
BRDA:75,9,0,0
BRDA:75,9,1,0
BRDA:86,10,0,0
BRDA:89,11,0,0
BRDA:94,12,0,0
BRDA:94,12,1,0
BRDA:94,13,0,0
BRDA:94,13,1,0
BRDA:108,14,0,0
BRDA:108,14,1,0
BRDA:113,15,0,0
BRDA:113,15,1,0
BRF:30
BRH:0
end_of_record
TN:
SF:src/services/taskService.ts
FN:9,(anonymous_14)
FN:22,(anonymous_15)
FN:22,(anonymous_16)
FN:60,(anonymous_18)
FN:60,(anonymous_19)
FN:71,(anonymous_21)
FN:71,(anonymous_22)
FN:82,(anonymous_24)
FN:82,(anonymous_25)
FN:93,(anonymous_27)
FN:93,(anonymous_28)
FN:104,(anonymous_30)
FN:104,(anonymous_31)
FNF:13
FNH:0
FNDA:0,(anonymous_14)
FNDA:0,(anonymous_15)
FNDA:0,(anonymous_16)
FNDA:0,(anonymous_18)
FNDA:0,(anonymous_19)
FNDA:0,(anonymous_21)
FNDA:0,(anonymous_22)
FNDA:0,(anonymous_24)
FNDA:0,(anonymous_25)
FNDA:0,(anonymous_27)
FNDA:0,(anonymous_28)
FNDA:0,(anonymous_30)
FNDA:0,(anonymous_31)
DA:2,0
DA:6,0
DA:9,0
DA:10,0
DA:12,0
DA:22,0
DA:23,0
DA:25,0
DA:27,0
DA:28,0
DA:30,0
DA:31,0
DA:34,0
DA:35,0
DA:38,0
DA:39,0
DA:42,0
DA:43,0
DA:46,0
DA:47,0
DA:52,0
DA:53,0
DA:55,0
DA:56,0
DA:60,0
DA:61,0
DA:63,0
DA:64,0
DA:66,0
DA:67,0
DA:71,0
DA:72,0
DA:74,0
DA:75,0
DA:77,0
DA:78,0
DA:82,0
DA:83,0
DA:85,0
DA:86,0
DA:88,0
DA:89,0
DA:93,0
DA:94,0
DA:96,0
DA:97,0
DA:99,0
DA:100,0
DA:104,0
DA:105,0
DA:107,0
DA:108,0
DA:110,0
DA:111,0
LF:54
LH:0
BRDA:16,0,0,0
BRDA:16,0,1,0
BRDA:27,1,0,0
BRDA:30,2,0,0
BRDA:34,3,0,0
BRDA:38,4,0,0
BRDA:42,5,0,0
BRDA:46,6,0,0
BRF:8
BRH:0
end_of_record
